# JRE version: OpenJDK Runtime Environment (10.0.2+13) (build 10.0.2+13-Ubuntu-1ubuntu0.18.04.2)
# Java VM: OpenJDK 64-Bit Server VM (10.0.2+13-Ubuntu-1ubuntu0.18.04.2, mixed mode, tiered, compressed oops, g1 gc, linux-amd64)
Heap:
 garbage-first heap   total 354304K, used 52748K [0x00000000c0000000, 0x0000000100000000)
  region size 1024K, 4 young (4096K), 4 survivors (4096K)
 Metaspace       used 45894K, capacity 48094K, committed 48384K, reserved 1091584K
  class space    used 4428K, capacity 5279K, committed 5376K, reserved 1048576K
GC Heap History (10 events):
Event: 42.323 GC heap after
{Heap after GC invocations=31 (full 0):
 garbage-first heap   total 84992K, used 36105K [0x00000000c0000000, 0x0000000100000000)
  region size 1024K, 3 young (3072K), 3 survivors (3072K)
 Metaspace       used 45561K, capacity 47796K, committed 48000K, reserved 1091584K
  class space    used 4411K, capacity 5244K, committed 5248K, reserved 1048576K
}
Event: 42.853 GC heap before
{Heap before GC invocations=31 (full 0):
 garbage-first heap   total 84992K, used 63753K [0x00000000c0000000, 0x0000000100000000)
  region size 1024K, 29 young (29696K), 3 survivors (3072K)
 Metaspace       used 45640K, capacity 47860K, committed 48256K, reserved 1091584K
  class space    used 4417K, capacity 5244K, committed 5248K, reserved 1048576K
}
Event: 42.903 GC heap after
{Heap after GC invocations=32 (full 0):
 garbage-first heap   total 133120K, used 40071K [0x00000000c0000000, 0x0000000100000000)
  region size 1024K, 3 young (3072K), 3 survivors (3072K)
 Metaspace       used 45640K, capacity 47860K, committed 48256K, reserved 1091584K
  class space    used 4417K, capacity 5244K, committed 5248K, reserved 1048576K
}
Event: 43.786 GC heap before
{Heap before GC invocations=32 (full 0):
 garbage-first heap   total 133120K, used 80007K [0x00000000c0000000, 0x0000000100000000)
  region size 1024K, 42 young (43008K), 3 survivors (3072K)
 Metaspace       used 45642K, capacity 47860K, committed 48256K, reserved 1091584K
  class space    used 4417K, capacity 5244K, committed 5248K, reserved 1048576K
}
Event: 44.592 GC heap after
{Heap after GC invocations=33 (full 0):
 garbage-first heap   total 133120K, used 43916K [0x00000000c0000000, 0x0000000100000000)
  region size 1024K, 6 young (6144K), 6 survivors (6144K)
 Metaspace       used 45642K, capacity 47860K, committed 48256K, reserved 1091584K
  class space    used 4417K, capacity 5244K, committed 5248K, reserved 1048576K
}
Event: 44.856 GC heap before
{Heap before GC invocations=33 (full 0):
 garbage-first heap   total 133120K, used 68492K [0x00000000c0000000, 0x0000000100000000)
  region size 1024K, 30 young (30720K), 6 survivors (6144K)
 Metaspace       used 45643K, capacity 47860K, committed 48256K, reserved 1091584K
  class space    used 4417K, capacity 5244K, committed 5248K, reserved 1048576K
}
Event: 44.908 GC heap after
{Heap after GC invocations=34 (full 0):
 garbage-first heap   total 133120K, used 47028K [0x00000000c0000000, 0x0000000100000000)
  region size 1024K, 3 young (3072K), 3 survivors (3072K)
 Metaspace       used 45643K, capacity 47860K, committed 48256K, reserved 1091584K
  class space    used 4417K, capacity 5244K, committed 5248K, reserved 1048576K
}
Event: 45.250 GC heap before
{Heap before GC invocations=34 (full 0):
 garbage-first heap   total 133120K, used 72628K [0x00000000c0000000, 0x0000000100000000)
  region size 1024K, 28 young (28672K), 3 survivors (3072K)
 Metaspace       used 45645K, capacity 47860K, committed 48256K, reserved 1091584K
  class space    used 4417K, capacity 5244K, committed 5248K, reserved 1048576K
}
Event: 45.324 GC heap after
{Heap after GC invocations=35 (full 0):
 garbage-first heap   total 133120K, used 49738K [0x00000000c0000000, 0x0000000100000000)
  region size 1024K, 3 young (3072K), 3 survivors (3072K)
 Metaspace       used 45645K, capacity 47860K, committed 48256K, reserved 1091584K
  class space    used 4417K, capacity 5244K, committed 5248K, reserved 1048576K
}
Event: 46.391 GC heap before
{Heap before GC invocations=35 (full 0):
 garbage-first heap   total 133120K, used 77386K [0x00000000c0000000, 0x0000000100000000)
  region size 1024K, 30 young (30720K), 3 survivors (3072K)
 Metaspace       used 45894K, capacity 48094K, committed 48384K, reserved 1091584K
  class space    used 4428K, capacity 5279K, committed 5376K, reserved 1048576K
}

