# JRE version: OpenJDK Runtime Environment (10.0.2+13) (build 10.0.2+13-Ubuntu-1ubuntu0.18.04.2)
# Java VM: OpenJDK 64-Bit Server VM (10.0.2+13-Ubuntu-1ubuntu0.18.04.2, mixed mode, tiered, compressed oops, g1 gc, linux-amd64)
Heap:
 garbage-first heap   total 339968K, used 76800K [0x00000000c0000000, 0x0000000100000000)
  region size 1024K, 5 young (5120K), 5 survivors (5120K)
 Metaspace       used 48721K, capacity 51093K, committed 51400K, reserved 1095680K
  class space    used 4671K, capacity 5518K, committed 5580K, reserved 1048576K
GC Heap History (10 events):
Event: 49.368 GC heap after
{Heap after GC invocations=34 (full 0):
 garbage-first heap   total 141312K, used 50779K [0x00000000c0000000, 0x0000000100000000)
  region size 1024K, 3 young (3072K), 3 survivors (3072K)
 Metaspace       used 46428K, capacity 48794K, committed 49224K, reserved 1093632K
  class space    used 4490K, capacity 5341K, committed 5452K, reserved 1048576K
}
Event: 50.484 GC heap before
{Heap before GC invocations=34 (full 0):
 garbage-first heap   total 141312K, used 82523K [0x00000000c0000000, 0x0000000100000000)
  region size 1024K, 34 young (34816K), 3 survivors (3072K)
 Metaspace       used 46646K, capacity 48995K, committed 49224K, reserved 1093632K
  class space    used 4501K, capacity 5344K, committed 5452K, reserved 1048576K
}
Event: 50.614 GC heap after
{Heap after GC invocations=35 (full 0):
 garbage-first heap   total 224256K, used 55096K [0x00000000c0000000, 0x0000000100000000)
  region size 1024K, 4 young (4096K), 4 survivors (4096K)
 Metaspace       used 46646K, capacity 48995K, committed 49224K, reserved 1093632K
  class space    used 4501K, capacity 5344K, committed 5452K, reserved 1048576K
}
Event: 52.143 GC heap before
{Heap before GC invocations=35 (full 0):
 garbage-first heap   total 224256K, used 87864K [0x00000000c0000000, 0x0000000100000000)
  region size 1024K, 35 young (35840K), 4 survivors (4096K)
 Metaspace       used 47150K, capacity 49455K, committed 49736K, reserved 1093632K
  class space    used 4532K, capacity 5410K, committed 5452K, reserved 1048576K
}
Event: 52.256 GC heap after
{Heap after GC invocations=36 (full 0):
 garbage-first heap   total 224256K, used 59750K [0x00000000c0000000, 0x0000000100000000)
  region size 1024K, 4 young (4096K), 4 survivors (4096K)
 Metaspace       used 47150K, capacity 49455K, committed 49736K, reserved 1093632K
  class space    used 4532K, capacity 5410K, committed 5452K, reserved 1048576K
}
Event: 53.288 GC heap before
{Heap before GC invocations=36 (full 0):
 garbage-first heap   total 224256K, used 95590K [0x00000000c0000000, 0x0000000100000000)
  region size 1024K, 39 young (39936K), 4 survivors (4096K)
 Metaspace       used 47225K, capacity 49592K, committed 49736K, reserved 1093632K
  class space    used 4538K, capacity 5412K, committed 5452K, reserved 1048576K
}
Event: 53.460 GC heap after
{Heap after GC invocations=37 (full 0):
 garbage-first heap   total 224256K, used 63766K [0x00000000c0000000, 0x0000000100000000)
  region size 1024K, 4 young (4096K), 4 survivors (4096K)
 Metaspace       used 47225K, capacity 49592K, committed 49736K, reserved 1093632K
  class space    used 4538K, capacity 5412K, committed 5452K, reserved 1048576K
}
Event: 56.494 GC heap before
{Heap before GC invocations=37 (full 0):
 garbage-first heap   total 224256K, used 140566K [0x00000000c0000000, 0x0000000100000000)
  region size 1024K, 79 young (80896K), 4 survivors (4096K)
 Metaspace       used 48552K, capacity 50889K, committed 51144K, reserved 1095680K
  class space    used 4668K, capacity 5516K, committed 5580K, reserved 1048576K
}
Event: 56.575 GC heap after
{Heap after GC invocations=38 (full 0):
 garbage-first heap   total 224256K, used 71680K [0x00000000c0000000, 0x0000000100000000)
  region size 1024K, 10 young (10240K), 10 survivors (10240K)
 Metaspace       used 48552K, capacity 50889K, committed 51144K, reserved 1095680K
  class space    used 4668K, capacity 5516K, committed 5580K, reserved 1048576K
}
Event: 58.000 GC heap before
{Heap before GC invocations=38 (full 0):
 garbage-first heap   total 224256K, used 119808K [0x00000000c0000000, 0x0000000100000000)
  region size 1024K, 57 young (58368K), 10 survivors (10240K)
 Metaspace       used 48721K, capacity 51093K, committed 51400K, reserved 1095680K
  class space    used 4671K, capacity 5518K, committed 5580K, reserved 1048576K
}

